<?xml version="1.0" encoding="UTF-8"?>
<testng-results ignored="0" total="2" passed="2" failed="0" skipped="0">
  <reporter-output>
  </reporter-output>
  <suite started-at="2023-03-22T09:35:34 IST" name="Default suite" finished-at="2023-03-22T09:36:16 IST" duration-ms="42310">
    <groups>
      <group name="cucumber">
        <method signature="AbstractTestNGCucumberTests.runScenario(io.cucumber.testng.PickleWrapper,io.cucumber.testng.FeatureWrapper)[pri:0, instance:runner.TestNGRunner@239a307b]" name="runScenario" class="io.cucumber.testng.AbstractTestNGCucumberTests"/>
      </group> <!-- cucumber -->
    </groups>
    <test started-at="2023-03-22T09:35:34 IST" name="Default test" finished-at="2023-03-22T09:36:16 IST" duration-ms="42310">
      <class name="runner.TestNGRunner">
        <test-method is-config="true" signature="setUpClass(org.testng.ITestContext)[pri:0, instance:runner.TestNGRunner@239a307b]" started-at="2023-03-22T09:35:34 IST" name="setUpClass" finished-at="2023-03-22T09:35:36 IST" duration-ms="1898" status="PASS">
          <params>
            <param index="0">
              <value>
                <![CDATA[org.testng.TestRunner@f4a3a8d]]>
              </value>
            </param>
          </params>
          <reporter-output>
          </reporter-output>
        </test-method> <!-- setUpClass -->
        <test-method signature="runScenario(io.cucumber.testng.PickleWrapper,io.cucumber.testng.FeatureWrapper)[pri:0, instance:runner.TestNGRunner@239a307b]" started-at="2023-03-22T09:35:36 IST" name="runScenario" description="Runs Cucumber Scenarios" data-provider="scenarios" finished-at="2023-03-22T09:36:11 IST" duration-ms="35125" status="PASS">
          <params>
            <param index="0">
              <value>
                <![CDATA["Search Product by hard coding from step definition"]]>
              </value>
            </param>
            <param index="1">
              <value>
                <![CDATA["Ebay Product Search Validation"]]>
              </value>
            </param>
          </params>
          <reporter-output>
          </reporter-output>
        </test-method> <!-- runScenario -->
        <test-method signature="runScenario(io.cucumber.testng.PickleWrapper,io.cucumber.testng.FeatureWrapper)[pri:0, instance:runner.TestNGRunner@239a307b]" started-at="2023-03-22T09:35:36 IST" name="runScenario" description="Runs Cucumber Scenarios" data-provider="scenarios" finished-at="2023-03-22T09:36:13 IST" duration-ms="37565" status="PASS">
          <params>
            <param index="0">
              <value>
                <![CDATA["Search product using data table from feature file data for Amazon"]]>
              </value>
            </param>
            <param index="1">
              <value>
                <![CDATA["User is validatating Product Search in Amazon"]]>
              </value>
            </param>
          </params>
          <reporter-output>
          </reporter-output>
        </test-method> <!-- runScenario -->
        <test-method is-config="true" signature="tearDownClass()[pri:0, instance:runner.TestNGRunner@239a307b]" started-at="2023-03-22T09:36:13 IST" name="tearDownClass" finished-at="2023-03-22T09:36:16 IST" duration-ms="2714" status="PASS">
          <reporter-output>
          </reporter-output>
        </test-method> <!-- tearDownClass -->
      </class> <!-- runner.TestNGRunner -->
    </test> <!-- Default test -->
  </suite> <!-- Default suite -->
</testng-results>
